<?xml version="1.0" encoding="UTF-8"?>
<!-- Generated by org.testng.reporters.JUnitReportReporter -->
<testsuite hostname="DESKTOP-FJB91G0" name="com.Automation_CTRS.CTRS.TestCase1" tests="3" failures="0" timestamp="6 Jun 2018 08:20:45 GMT" time="155.174" errors="0">
  <testcase name="new_Booking" time="92.132" classname="com.Automation_CTRS.CTRS.TestCase1"/>
  <testcase name="print_Eticket" time="32.499" classname="com.Automation_CTRS.CTRS.TestCase1"/>
  <testcase name="Booking_Payment_confirmed" time="30.543" classname="com.Automation_CTRS.CTRS.TestCase1"/>
</testsuite> <!-- com.Automation_CTRS.CTRS.TestCase1 -->
