<?xml version="1.0" encoding="UTF-8"?>
<!-- Generated by org.testng.reporters.JUnitReportReporter -->
<testsuite hostname="DESKTOP-FJB91G0" name="com.testjavafiles.CheckMailsent" tests="1" failures="0" timestamp="6 Mar 2018 04:49:43 GMT" time="8.613" errors="0">
  <testcase name="verifysum" time="8.613" classname="com.testjavafiles.CheckMailsent"/>
</testsuite> <!-- com.testjavafiles.CheckMailsent -->
