<?xml version="1.0" encoding="UTF-8"?>
<!-- Generated by org.testng.reporters.JUnitReportReporter -->
<testsuite hostname="DESKTOP-FJB91G0" name="com.touriz.Loginpage" tests="1" failures="0" timestamp="2 Jul 2018 07:10:12 GMT" time="13.478" errors="0">
  <testcase name="touriz_login" time="13.478" classname="com.touriz.Loginpage"/>
</testsuite> <!-- com.touriz.Loginpage -->
