<?xml version="1.0" encoding="UTF-8"?>
<!-- Generated by org.testng.reporters.JUnitReportReporter -->
<testsuite hostname="DESKTOP-FJB91G0" name="com.Automation_CTRS.CTRS.ModuleClick_test" tests="1" failures="0" timestamp="7 Mar 2018 07:03:10 GMT" time="163.792" errors="0">
  <testcase name="CTRSModules" time="163.792" classname="com.Automation_CTRS.CTRS.ModuleClick_test"/>
</testsuite> <!-- com.Automation_CTRS.CTRS.ModuleClick_test -->
