<?xml version="1.0" encoding="UTF-8"?>
<!-- Generated by org.testng.reporters.JUnitReportReporter -->
<testsuite hostname="DESKTOP-FJB91G0" name="com.Automation_CTRS.CTRS.ModuleClick_test" tests="1" failures="0" timestamp="30 May 2018 08:38:36 GMT" time="139.910" errors="0">
  <testcase name="CTRSModules" time="139.910" classname="com.Automation_CTRS.CTRS.ModuleClick_test"/>
</testsuite> <!-- com.Automation_CTRS.CTRS.ModuleClick_test -->
