<?xml version="1.0" encoding="UTF-8"?>
<!-- Generated by org.testng.reporters.JUnitReportReporter -->
<testsuite hostname="DESKTOP-FJB91G0" name="com.Automation_CTRS.CTRS.AgentCredit_Topup" tests="1" failures="0" timestamp="14 Mar 2018 12:54:36 GMT" time="35.079" errors="0">
  <testcase name="testUntitledTestCase" time="35.079" classname="com.Automation_CTRS.CTRS.AgentCredit_Topup"/>
</testsuite> <!-- com.Automation_CTRS.CTRS.AgentCredit_Topup -->
